
> scheduler-app@0.1.0 dev
> next dev "--port" "3001"

▲ Next.js 16.1.1 (Turbopack)
- Local:         http://localhost:3001
- Network:       http://192.168.1.111:3001
- Environments: .env.local

✓ Starting...
⚠ The "middleware" file convention is deprecated. Please use "proxy" instead. Learn more: https://nextjs.org/docs/messages/middleware-to-proxy
✓ Ready in 1458ms
Supabase auth error: Auth session missing!
(node:64666) ExperimentalWarning: Type Stripping is an experimental feature and might change at any time
(Use `node --trace-warnings ...` to show where the warning was created)
 GET /sub-finder 200 in 3.1s (compile: 1845ms, proxy.ts: 929ms, render: 306ms)
 GET /api/sub-finder/absences?include_partially_covered=false 200 in 1218ms (compile: 314ms, proxy.ts: 113ms, render: 791ms)
Supabase auth error: Auth session missing!
Supabase auth error: Auth session missing!
 GET /login?id=6dfbfef6-8120-4cc0-89ce-82a2d97f58f6&vscodeBrowserReqId=1767984702735 200 in 122ms (compile: 50ms, proxy.ts: 5ms, render: 68ms)
⚠ Cross origin request detected from 127.0.0.1 to /_next/* resource. In a future major version of Next.js, you will need to explicitly configure "allowedDevOrigins" in next.config to allow this.
Read more: https://nextjs.org/docs/app/api-reference/config/next-config-js/allowedDevOrigins
Supabase auth error: Auth session missing!
Supabase auth error: Auth session missing!
 GET /login 200 in 29ms (compile: 3ms, proxy.ts: 9ms, render: 16ms)
Supabase auth error: Auth session missing!
 GET /login 200 in 23ms (compile: 1757µs, proxy.ts: 6ms, render: 15ms)
 GET /sub-finder 200 in 381ms (compile: 9ms, proxy.ts: 210ms, render: 162ms)
 GET /api/sub-finder/absences?include_partially_covered=false 200 in 912ms (compile: 5ms, proxy.ts: 174ms, render: 733ms)
 POST /api/sub-finder/find-subs 200 in 2.2s (compile: 126ms, proxy.ts: 107ms, render: 2.0s)
Supabase auth error: Auth session missing!
Supabase auth error: Auth session missing!
 GET /login?id=6dfbfef6-8120-4cc0-89ce-82a2d97f58f6&vscodeBrowserReqId=1767984915403 200 in 78ms (compile: 10ms, proxy.ts: 3ms, render: 65ms)
✓ Compiled in 136ms
✓ Compiled in 88ms
✓ Compiled in 73ms
Supabase auth error: Auth session missing!
Supabase auth error: Auth session missing!
 GET /login 200 in 30ms (compile: 11ms, proxy.ts: 5ms, render: 14ms)
Supabase auth error: Auth session missing!
 GET /login 200 in 17ms (compile: 2ms, proxy.ts: 3ms, render: 12ms)
✓ Compiled in 68ms
✓ Compiled in 117ms
✓ Compiled in 73ms
✓ Compiled in 68ms
✓ Compiled in 98ms
✓ Compiled in 82ms
✓ Compiled in 72ms
✓ Compiled in 111ms
 GET /sub-finder 200 in 1033ms (compile: 88ms, proxy.ts: 651ms, render: 293ms)
 GET /api/sub-finder/absences?include_partially_covered=false 200 in 1306ms (compile: 7ms, proxy.ts: 95ms, render: 1204ms)
 POST /api/sub-finder/find-subs 200 in 1849ms (compile: 2ms, proxy.ts: 83ms, render: 1764ms)
✓ Compiled in 102ms
 GET /sub-finder 200 in 513ms (compile: 76ms, proxy.ts: 194ms, render: 243ms)
 GET /api/sub-finder/absences?include_partially_covered=false 200 in 489ms (compile: 7ms, proxy.ts: 106ms, render: 375ms)
 POST /api/sub-finder/find-subs 200 in 1654ms (compile: 7ms, proxy.ts: 119ms, render: 1527ms)
✓ Compiled in 76ms
✓ Compiled in 70ms
 GET /sub-finder 200 in 631ms (compile: 82ms, proxy.ts: 284ms, render: 266ms)
 GET /api/sub-finder/absences?include_partially_covered=false 200 in 546ms (compile: 5ms, proxy.ts: 111ms, render: 430ms)
 POST /api/sub-finder/find-subs 200 in 2.0s (compile: 13ms, proxy.ts: 101ms, render: 1933ms)
✓ Compiled in 83ms
✓ Compiled in 68ms
✓ Compiled in 66ms
✓ Compiled in 110ms
✓ Compiled in 64ms
✓ Compiled in 78ms
✓ Compiled in 90ms
✓ Compiled in 76ms
 GET /sub-finder 200 in 850ms (compile: 85ms, proxy.ts: 508ms, render: 257ms)
 GET /api/sub-finder/absences?include_partially_covered=false 200 in 1059ms (compile: 5ms, proxy.ts: 121ms, render: 934ms)
✓ Compiled in 84ms
 GET /sub-finder 200 in 478ms (compile: 86ms, proxy.ts: 163ms, render: 229ms)
 GET /api/sub-finder/absences?include_partially_covered=false 200 in 465ms (compile: 5ms, proxy.ts: 85ms, render: 375ms)
 GET /sub-finder 200 in 400ms (compile: 20ms, proxy.ts: 208ms, render: 172ms)
 GET /api/sub-finder/absences?include_partially_covered=false 200 in 496ms (compile: 3ms, proxy.ts: 92ms, render: 401ms)
✓ Compiled in 75ms
 GET /sub-finder 200 in 577ms (compile: 87ms, proxy.ts: 249ms, render: 240ms)
 GET /api/sub-finder/absences?include_partially_covered=false 200 in 489ms (compile: 7ms, proxy.ts: 123ms, render: 359ms)
✓ Compiled in 79ms
✓ Compiled in 93ms
 POST /api/sub-finder/find-subs 200 in 3.0s (compile: 12ms, proxy.ts: 604ms, render: 2.3s)
 GET /api/subs/96b04901-95e7-42a1-b21e-2a3970694e17 200 in 1888ms (compile: 788ms, proxy.ts: 312ms, render: 788ms)
 GET /api/sub-finder/coverage-request/a3d1c831-1c77-4a5b-aab4-9a6a0d24e090 200 in 2.2s (compile: 876ms, proxy.ts: 274ms, render: 1026ms)
 GET /api/sub-finder/coverage-request/a3d1c831-1c77-4a5b-aab4-9a6a0d24e090 200 in 2.1s (compile: 818ms, proxy.ts: 291ms, render: 1039ms)
 GET /api/sub-finder/substitute-contacts?coverage_request_id=30b9c9b8-1dff-4b3b-86a7-ee14aa49c75b&sub_id=96b04901-95e7-42a1-b21e-2a3970694e17 200 in 603ms (compile: 124ms, proxy.ts: 97ms, render: 382ms)
 GET /api/sub-finder/substitute-contacts?coverage_request_id=30b9c9b8-1dff-4b3b-86a7-ee14aa49c75b&sub_id=96b04901-95e7-42a1-b21e-2a3970694e17 200 in 634ms (compile: 122ms, proxy.ts: 111ms, render: 401ms)
 GET /api/subs/96b04901-95e7-42a1-b21e-2a3970694e17 200 in 200ms (compile: 6ms, proxy.ts: 106ms, render: 88ms)
 GET /api/sub-finder/coverage-request/a3d1c831-1c77-4a5b-aab4-9a6a0d24e090/assigned-shifts 200 in 1118ms (compile: 610ms, proxy.ts: 109ms, render: 398ms)
✓ Compiled in 109ms
 GET /sub-finder 200 in 741ms (compile: 98ms, proxy.ts: 380ms, render: 262ms)
 GET /api/sub-finder/absences?include_partially_covered=false 200 in 598ms (compile: 11ms, proxy.ts: 98ms, render: 489ms)
✓ Compiled in 70ms
 POST /api/sub-finder/find-subs 200 in 2.2s (compile: 8ms, proxy.ts: 276ms, render: 1956ms)
✓ Compiled in 81ms
✓ Compiled in 112ms
✓ Compiled in 89ms
✓ Compiled in 79ms
 GET /api/sub-finder/absences?include_partially_covered=false 200 in 1060ms (compile: 16ms, proxy.ts: 417ms, render: 627ms)
 GET /sub-finder 200 in 547ms (compile: 90ms, proxy.ts: 186ms, render: 272ms)
 GET /api/sub-finder/absences?include_partially_covered=false 200 in 1239ms (compile: 4ms, proxy.ts: 98ms, render: 1137ms)
 GET /apple-touch-icon.png 404 in 122ms (compile: 68ms, render: 54ms)
 GET /apple-touch-icon-precomposed.png 404 in 220ms (compile: 177ms, render: 43ms)
Supabase auth error: Auth session missing!
Supabase auth error: Auth session missing!
 GET /login?id=f1190878-e997-4bab-a4b0-57cc599ca2ee&vscodeBrowserReqId=1768000613588 200 in 45ms (compile: 4ms, proxy.ts: 1837µs, render: 39ms)
Supabase auth error: Auth session missing!
Supabase auth error: Auth session missing!
 GET /login 200 in 22ms (compile: 3ms, proxy.ts: 4ms, render: 14ms)
Supabase auth error: Auth session missing!
 GET /login 200 in 16ms (compile: 1787µs, proxy.ts: 3ms, render: 11ms)
✓ Compiled in 104ms
 POST /api/sub-finder/find-subs 200 in 3.4s (compile: 8ms, proxy.ts: 757ms, render: 2.7s)
✓ Compiled in 73ms
 GET /api/sub-finder/absences?include_partially_covered=false 200 in 540ms (compile: 17ms, proxy.ts: 224ms, render: 299ms)
✓ Compiled in 110ms
 GET /api/sub-finder/absences?include_partially_covered=false 200 in 603ms (compile: 8ms, proxy.ts: 182ms, render: 413ms)
 GET /sub-finder 200 in 560ms (compile: 88ms, proxy.ts: 225ms, render: 246ms)
 GET /api/sub-finder/absences?include_partially_covered=false 200 in 483ms (compile: 6ms, proxy.ts: 106ms, render: 371ms)
✓ Compiled in 93ms
 GET /sub-finder 200 in 611ms (compile: 87ms, proxy.ts: 273ms, render: 251ms)
 GET /api/sub-finder/absences?include_partially_covered=false 200 in 462ms (compile: 6ms, proxy.ts: 111ms, render: 346ms)
 GET /sub-finder 200 in 377ms (compile: 12ms, proxy.ts: 201ms, render: 164ms)
 GET /api/sub-finder/absences?include_partially_covered=false 200 in 457ms (compile: 17ms, proxy.ts: 88ms, render: 352ms)
 GET /sub-finder 200 in 297ms (compile: 13ms, proxy.ts: 135ms, render: 149ms)
 GET /api/sub-finder/absences?include_partially_covered=false 200 in 411ms (compile: 3ms, proxy.ts: 93ms, render: 315ms)
 GET /api/sub-finder/absences?include_partially_covered=false 200 in 919ms (compile: 7ms, proxy.ts: 195ms, render: 717ms)
 GET /api/sub-finder/absences?include_partially_covered=false 200 in 659ms (compile: 7ms, proxy.ts: 310ms, render: 342ms)
 GET /api/sub-finder/absences?include_partially_covered=false 200 in 549ms (compile: 6ms, proxy.ts: 169ms, render: 373ms)
✓ Compiled in 89ms
✓ Compiled in 81ms
✓ Compiled in 79ms
 GET /sub-finder 200 in 757ms (compile: 91ms, proxy.ts: 400ms, render: 267ms)
 GET /api/sub-finder/absences?include_partially_covered=false 200 in 407ms (compile: 5ms, proxy.ts: 102ms, render: 300ms)
 GET /sub-finder 200 in 241ms (compile: 6ms, proxy.ts: 88ms, render: 147ms)
 GET /api/sub-finder/absences?include_partially_covered=false 200 in 415ms (compile: 3ms, proxy.ts: 81ms, render: 331ms)
✓ Compiled in 70ms
 GET /sub-finder 200 in 527ms (compile: 78ms, proxy.ts: 221ms, render: 228ms)
 GET /api/sub-finder/absences?include_partially_covered=false 200 in 440ms (compile: 5ms, proxy.ts: 96ms, render: 338ms)
 GET /sub-finder 200 in 391ms (compile: 9ms, proxy.ts: 233ms, render: 150ms)
 GET /api/sub-finder/absences?include_partially_covered=false 200 in 454ms (compile: 3ms, proxy.ts: 88ms, render: 363ms)
✓ Compiled in 72ms
 GET /schedules/weekly 200 in 561ms (compile: 285ms, proxy.ts: 266ms, render: 10ms)
 GET /api/timeslots 200 in 348ms (compile: 41ms, proxy.ts: 172ms, render: 135ms)
 GET /api/classrooms 200 in 351ms (compile: 47ms, proxy.ts: 177ms, render: 128ms)
 GET /api/timeslots 200 in 356ms (compile: 17ms, proxy.ts: 201ms, render: 138ms)
 GET /api/classrooms 200 in 391ms (compile: 2ms, proxy.ts: 210ms, render: 178ms)
 GET /api/days-of-week 200 in 420ms (compile: 3ms, proxy.ts: 175ms, render: 242ms)
 GET /api/days-of-week 200 in 445ms (compile: 40ms, proxy.ts: 94ms, render: 311ms)
 GET /api/schedule-settings 200 in 240ms (compile: 35ms, proxy.ts: 103ms, render: 102ms)
 GET /api/schedule-settings 200 in 253ms (compile: 25ms, proxy.ts: 118ms, render: 110ms)
 GET /api/weekly-schedule?t=1768001466203 200 in 1075ms (compile: 44ms, proxy.ts: 106ms, render: 925ms)
 GET /api/weekly-schedule?t=1768001466198 200 in 1105ms (compile: 43ms, proxy.ts: 111ms, render: 951ms)
 GET /api/timeslots 200 in 440ms (compile: 26ms, proxy.ts: 192ms, render: 222ms)
 GET /api/class-groups 200 in 437ms (compile: 165ms, proxy.ts: 182ms, render: 90ms)
 GET /api/teachers 200 in 437ms (compile: 114ms, proxy.ts: 181ms, render: 141ms)
 GET /api/timeslots 200 in 487ms (compile: 26ms, proxy.ts: 367ms, render: 93ms)
 GET /api/class-groups 200 in 184ms (compile: 1646µs, proxy.ts: 89ms, render: 93ms)
 GET /api/teacher-schedules 200 in 652ms (compile: 339ms, proxy.ts: 184ms, render: 129ms)
 GET /api/teachers 200 in 199ms (compile: 1667µs, proxy.ts: 85ms, render: 112ms)
 GET /api/teacher-schedules 200 in 687ms (compile: 338ms, proxy.ts: 209ms, render: 140ms)
 GET /api/teacher-schedules 200 in 244ms (compile: 882µs, proxy.ts: 103ms, render: 141ms)
 GET /api/days-of-week 200 in 369ms (compile: 3ms, proxy.ts: 105ms, render: 261ms)
 GET /api/days-of-week 200 in 325ms (compile: 8ms, proxy.ts: 94ms, render: 223ms)
 GET /sub-finder 200 in 587ms (compile: 88ms, proxy.ts: 477ms, render: 21ms)
 GET /api/sub-finder/absences?include_partially_covered=false 200 in 1198ms (compile: 4ms, proxy.ts: 191ms, render: 1002ms)
 GET /api/sub-finder/absences?include_partially_covered=false 200 in 1212ms (compile: 4ms, proxy.ts: 113ms, render: 1095ms)
✓ Compiled in 86ms
 GET /schedules/weekly 200 in 365ms (compile: 10ms, proxy.ts: 331ms, render: 23ms)
 GET /api/timeslots 200 in 313ms (compile: 4ms, proxy.ts: 177ms, render: 133ms)
 GET /api/timeslots 200 in 316ms (compile: 6ms, proxy.ts: 173ms, render: 137ms)
 GET /api/classrooms 200 in 347ms (compile: 3ms, proxy.ts: 157ms, render: 187ms)
 GET /api/schedule-settings 200 in 335ms (compile: 4ms, proxy.ts: 178ms, render: 153ms)
 GET /api/days-of-week 200 in 424ms (compile: 8ms, proxy.ts: 156ms, render: 260ms)
 GET /api/days-of-week 200 in 491ms (compile: 3ms, proxy.ts: 86ms, render: 402ms)
 GET /api/classrooms 200 in 168ms (compile: 6ms, proxy.ts: 85ms, render: 78ms)
 GET /api/schedule-settings 200 in 167ms (compile: 1901µs, proxy.ts: 82ms, render: 83ms)
 GET /api/weekly-schedule?t=1768001587505 200 in 807ms (compile: 2ms, proxy.ts: 83ms, render: 722ms)
 GET /api/weekly-schedule?t=1768001587663 200 in 812ms (compile: 6ms, proxy.ts: 81ms, render: 724ms)
 GET /api/timeslots 200 in 183ms (compile: 4ms, proxy.ts: 98ms, render: 82ms)
 GET /api/class-groups 200 in 167ms (compile: 4ms, proxy.ts: 83ms, render: 81ms)
 GET /api/timeslots 200 in 193ms (compile: 1950µs, proxy.ts: 105ms, render: 85ms)
 GET /api/teachers 200 in 209ms (compile: 2ms, proxy.ts: 107ms, render: 99ms)
 GET /api/teacher-schedules 200 in 279ms (compile: 5ms, proxy.ts: 96ms, render: 178ms)
 GET /api/teacher-schedules 200 in 304ms (compile: 1368µs, proxy.ts: 112ms, render: 190ms)
 GET /api/class-groups 200 in 180ms (compile: 3ms, proxy.ts: 95ms, render: 83ms)
 GET /api/teacher-schedules 200 in 228ms (compile: 10ms, proxy.ts: 88ms, render: 130ms)
 GET /api/days-of-week 200 in 248ms (compile: 1879µs, proxy.ts: 84ms, render: 162ms)
 GET /api/teachers 200 in 198ms (compile: 4ms, proxy.ts: 90ms, render: 105ms)
 GET /api/days-of-week 200 in 262ms (compile: 1442µs, proxy.ts: 81ms, render: 180ms)
✓ Compiled in 118ms
 GET /sub-finder 200 in 545ms (compile: 78ms, proxy.ts: 446ms, render: 21ms)
 GET /api/sub-finder/absences?include_partially_covered=false 200 in 433ms (compile: 3ms, proxy.ts: 93ms, render: 338ms)
 GET /api/sub-finder/absences?include_partially_covered=false 200 in 482ms (compile: 2ms, proxy.ts: 173ms, render: 307ms)
 GET /sub-finder 200 in 759ms (compile: 7ms, proxy.ts: 497ms, render: 254ms)
 GET /api/sub-finder/absences?include_partially_covered=false 200 in 437ms (compile: 7ms, proxy.ts: 92ms, render: 338ms)
 GET /sub-finder 200 in 371ms (compile: 11ms, proxy.ts: 199ms, render: 160ms)
 GET /api/sub-finder/absences?include_partially_covered=false 200 in 368ms (compile: 4ms, proxy.ts: 85ms, render: 279ms)
✓ Compiled in 89ms
 GET /api/sub-finder/absences?include_partially_covered=false 200 in 470ms (compile: 3ms, proxy.ts: 167ms, render: 301ms)
 GET /api/teachers 200 in 587ms (compile: 6ms, proxy.ts: 275ms, render: 306ms)
 GET /time-off 200 in 903ms (compile: 107ms, proxy.ts: 385ms, render: 410ms)
 GET /time-off/new 200 in 255ms (compile: 137ms, proxy.ts: 108ms, render: 10ms)
 GET /api/timeslots 200 in 201ms (compile: 3ms, proxy.ts: 92ms, render: 106ms)
 GET /api/timeslots 200 in 284ms (compile: 3ms, proxy.ts: 176ms, render: 105ms)
 GET /api/teachers 200 in 288ms (compile: 5ms, proxy.ts: 170ms, render: 113ms)
 GET /api/teachers 200 in 295ms (compile: 1427µs, proxy.ts: 180ms, render: 113ms)
 GET /sub-finder 200 in 287ms (compile: 87ms, proxy.ts: 183ms, render: 17ms)
 GET /api/teachers 200 in 280ms (compile: 4ms, proxy.ts: 163ms, render: 113ms)
 GET /api/sub-finder/absences?include_partially_covered=false 200 in 513ms (compile: 5ms, proxy.ts: 170ms, render: 337ms)
 GET /api/teachers 200 in 570ms (compile: 6ms, proxy.ts: 426ms, render: 138ms)
 GET /api/sub-finder/absences?include_partially_covered=false 200 in 677ms (compile: 3ms, proxy.ts: 92ms, render: 582ms)
✓ Compiled in 75ms
✓ Compiled in 129ms
 GET /api/teachers 200 in 1063ms (compile: 17ms, proxy.ts: 444ms, render: 602ms)
 GET /api/sub-finder/absences?include_partially_covered=false 200 in 1517ms (compile: 14ms, proxy.ts: 446ms, render: 1057ms)
 GET /api/timeslots 200 in 385ms (compile: 5ms, proxy.ts: 185ms, render: 194ms)
 GET /api/timeslots 200 in 375ms (compile: 3ms, proxy.ts: 184ms, render: 188ms)
 GET /api/teachers/a394364d-cff6-4e90-85ce-64bcd0c1e36a/scheduled-shifts?start_date=2026-01-12&end_date=2026-01-12 200 in 1118ms (compile: 634ms, proxy.ts: 183ms, render: 301ms)
 GET /time-off 200 in 1044ms (compile: 17ms, proxy.ts: 350ms, render: 678ms)
 GET /time-off/new 200 in 167ms (compile: 63ms, proxy.ts: 88ms, render: 15ms)
 GET /api/timeslots 200 in 289ms (compile: 3ms, proxy.ts: 136ms, render: 150ms)
 GET /api/teachers 200 in 366ms (compile: 2ms, proxy.ts: 165ms, render: 199ms)
 GET /api/teachers 200 in 408ms (compile: 1659µs, proxy.ts: 205ms, render: 201ms)
 GET /api/timeslots 200 in 417ms (compile: 3ms, proxy.ts: 262ms, render: 152ms)
 GET /api/teachers/a394364d-cff6-4e90-85ce-64bcd0c1e36a/scheduled-shifts?start_date=2026-01-12&end_date=2026-01-12 200 in 703ms (compile: 40ms, proxy.ts: 502ms, render: 161ms)
 GET /sub-finder 200 in 284ms (compile: 80ms, proxy.ts: 186ms, render: 17ms)
 GET /api/teachers 200 in 380ms (compile: 3ms, proxy.ts: 212ms, render: 166ms)
 GET /api/sub-finder/absences?include_partially_covered=false 200 in 502ms (compile: 2ms, proxy.ts: 91ms, render: 408ms)
 GET /api/teachers 200 in 596ms (compile: 4ms, proxy.ts: 436ms, render: 155ms)
 GET /api/sub-finder/absences?include_partially_covered=false 200 in 650ms (compile: 6ms, proxy.ts: 192ms, render: 452ms)
 GET /api/timeslots 200 in 228ms (compile: 4ms, proxy.ts: 110ms, render: 114ms)
 GET /api/timeslots 200 in 237ms (compile: 3ms, proxy.ts: 129ms, render: 105ms)
 GET /api/teachers/a394364d-cff6-4e90-85ce-64bcd0c1e36a/scheduled-shifts?start_date=2026-01-12&end_date=2026-01-12 200 in 304ms (compile: 25ms, proxy.ts: 181ms, render: 97ms)
 GET /api/sub-finder/absences?include_partially_covered=false 200 in 738ms (compile: 6ms, proxy.ts: 386ms, render: 345ms)
 GET /api/timeslots 200 in 210ms (compile: 3ms, proxy.ts: 97ms, render: 111ms)
 GET /api/timeslots 200 in 343ms (compile: 4ms, proxy.ts: 186ms, render: 153ms)
 GET /api/teachers/a394364d-cff6-4e90-85ce-64bcd0c1e36a/scheduled-shifts?start_date=2026-01-12&end_date=2026-01-12 200 in 347ms (compile: 17ms, proxy.ts: 205ms, render: 125ms)
 GET /api/teachers/a394364d-cff6-4e90-85ce-64bcd0c1e36a/scheduled-shifts?start_date=2026-01-12&end_date=2026-01-12 200 in 373ms (compile: 18ms, proxy.ts: 214ms, render: 142ms)
✓ Compiled in 110ms
✓ Compiled in 90ms
✓ Compiled in 71ms
 GET /api/sub-finder/absences?include_partially_covered=false 200 in 1147ms (compile: 11ms, proxy.ts: 339ms, render: 797ms)
✓ Compiled in 100ms
 GET /api/teachers/a394364d-cff6-4e90-85ce-64bcd0c1e36a/scheduled-shifts?start_date=2026-01-12&end_date=2026-01-12 200 in 302ms (compile: 14ms, proxy.ts: 176ms, render: 112ms)
 GET /api/timeslots 200 in 330ms (compile: 17ms, proxy.ts: 201ms, render: 112ms)
 GET /api/timeslots 200 in 325ms (compile: 18ms, proxy.ts: 179ms, render: 127ms)
 GET /api/teachers/a394364d-cff6-4e90-85ce-64bcd0c1e36a/scheduled-shifts?start_date=2026-01-12&end_date=2026-01-12 200 in 327ms (compile: 26ms, proxy.ts: 175ms, render: 126ms)
 GET /api/sub-finder/absences?include_partially_covered=false 200 in 1321ms (compile: 6ms, proxy.ts: 321ms, render: 994ms)
 GET /api/timeslots 200 in 383ms (compile: 5ms, proxy.ts: 140ms, render: 237ms)
 GET /api/timeslots 200 in 414ms (compile: 14ms, proxy.ts: 195ms, render: 205ms)
 GET /api/teachers/a394364d-cff6-4e90-85ce-64bcd0c1e36a/scheduled-shifts?start_date=2026-01-12&end_date=2026-01-12 200 in 460ms (compile: 27ms, proxy.ts: 186ms, render: 246ms)
 GET /api/teachers/a394364d-cff6-4e90-85ce-64bcd0c1e36a/scheduled-shifts?start_date=2026-01-12&end_date=2026-01-12 200 in 479ms (compile: 19ms, proxy.ts: 193ms, render: 268ms)
✓ Compiled in 115ms
 GET /api/sub-finder/absences?include_partially_covered=false 200 in 754ms (compile: 7ms, proxy.ts: 311ms, render: 436ms)
 GET /api/timeslots 200 in 328ms (compile: 7ms, proxy.ts: 191ms, render: 130ms)
 GET /api/teachers/a394364d-cff6-4e90-85ce-64bcd0c1e36a/scheduled-shifts?start_date=2026-01-12&end_date=2026-01-12 200 in 402ms (compile: 10ms, proxy.ts: 220ms, render: 171ms)
 GET /api/teachers/a394364d-cff6-4e90-85ce-64bcd0c1e36a/scheduled-shifts?start_date=2026-01-12&end_date=2026-01-12 200 in 555ms (compile: 3ms, proxy.ts: 423ms, render: 129ms)
 GET /api/timeslots 200 in 588ms (compile: 1425µs, proxy.ts: 478ms, render: 108ms)
 GET /api/teachers/a394364d-cff6-4e90-85ce-64bcd0c1e36a/scheduled-shifts?start_date=2026-01-12&end_date=2026-01-15 200 in 400ms (compile: 8ms, proxy.ts: 208ms, render: 183ms)
✓ Compiled in 97ms
✓ Compiled in 243ms
 GET /sub-finder 200 in 1101ms (compile: 100ms, proxy.ts: 462ms, render: 539ms)
 GET /api/teachers 200 in 374ms (compile: 11ms, proxy.ts: 195ms, render: 168ms)
 GET /api/sub-finder/absences?include_partially_covered=false 200 in 711ms (compile: 8ms, proxy.ts: 350ms, render: 352ms)
 GET /sub-finder 200 in 727ms (compile: 11ms, proxy.ts: 549ms, render: 166ms)
 GET /api/teachers 200 in 331ms (compile: 5ms, proxy.ts: 195ms, render: 131ms)
 GET /api/sub-finder/absences?include_partially_covered=false 200 in 521ms (compile: 5ms, proxy.ts: 114ms, render: 402ms)
 GET /api/timeslots 200 in 208ms (compile: 4ms, proxy.ts: 115ms, render: 89ms)
 GET /api/timeslots 200 in 234ms (compile: 10ms, proxy.ts: 100ms, render: 123ms)
 GET /sub-finder 200 in 635ms (compile: 8ms, proxy.ts: 417ms, render: 210ms)
 GET /api/teachers 200 in 592ms (compile: 4ms, proxy.ts: 183ms, render: 405ms)
 GET /api/sub-finder/absences?include_partially_covered=false 200 in 804ms (compile: 2ms, proxy.ts: 89ms, render: 712ms)
 GET /api/timeslots 200 in 248ms (compile: 4ms, proxy.ts: 138ms, render: 106ms)
 GET /api/timeslots 200 in 313ms (compile: 7ms, proxy.ts: 119ms, render: 187ms)
✓ Compiled in 80ms
 GET /schedules/weekly 200 in 308ms (compile: 5ms, proxy.ts: 284ms, render: 18ms)
 GET /api/schedule-settings 200 in 327ms (compile: 7ms, proxy.ts: 189ms, render: 131ms)
 GET /api/classrooms 200 in 345ms (compile: 4ms, proxy.ts: 193ms, render: 147ms)
 GET /api/days-of-week 200 in 406ms (compile: 3ms, proxy.ts: 96ms, render: 306ms)
 GET /api/timeslots 200 in 431ms (compile: 3ms, proxy.ts: 264ms, render: 163ms)
 GET /api/classrooms 200 in 213ms (compile: 2ms, proxy.ts: 99ms, render: 113ms)
 GET /api/days-of-week 200 in 534ms (compile: 1541µs, proxy.ts: 195ms, render: 337ms)
 GET /api/schedule-settings 200 in 244ms (compile: 2ms, proxy.ts: 131ms, render: 110ms)
 GET /api/timeslots 200 in 646ms (compile: 3ms, proxy.ts: 259ms, render: 384ms)
 GET /api/weekly-schedule?t=1768003321595 200 in 1006ms (compile: 3ms, proxy.ts: 94ms, render: 910ms)
 GET /api/weekly-schedule?t=1768003321852 200 in 1037ms (compile: 4ms, proxy.ts: 110ms, render: 923ms)
 GET /settings 200 in 292ms (compile: 158ms, proxy.ts: 109ms, render: 25ms)
✓ Compiled in 136ms
 GET /settings/classrooms 200 in 332ms (compile: 120ms, proxy.ts: 87ms, render: 125ms)
 GET /settings/classrooms/9ed131d8-442b-4620-8123-b833e63677df 200 in 757ms (compile: 452ms, proxy.ts: 192ms, render: 112ms)
 GET /api/classrooms/9ed131d8-442b-4620-8123-b833e63677df/allowed-classes 200 in 772ms (compile: 546ms, proxy.ts: 98ms, render: 128ms)
 GET /api/classrooms/9ed131d8-442b-4620-8123-b833e63677df/allowed-classes 200 in 762ms (compile: 473ms, proxy.ts: 160ms, render: 129ms)
 GET /api/class-groups 200 in 205ms (compile: 4ms, proxy.ts: 109ms, render: 91ms)
 GET /api/class-groups 200 in 244ms (compile: 6ms, proxy.ts: 100ms, render: 138ms)
 PUT /api/classrooms/9ed131d8-442b-4620-8123-b833e63677df 200 in 1096ms (compile: 555ms, proxy.ts: 260ms, render: 281ms)
 GET /settings/classrooms 200 in 246ms (compile: 6ms, proxy.ts: 107ms, render: 133ms)
 GET /settings/classrooms 200 in 375ms (compile: 4ms, proxy.ts: 182ms, render: 190ms)
 GET /schedules/weekly 200 in 128ms (compile: 7ms, proxy.ts: 99ms, render: 22ms)
 GET /api/classrooms 200 in 276ms (compile: 3ms, proxy.ts: 182ms, render: 91ms)
 GET /api/timeslots 200 in 302ms (compile: 3ms, proxy.ts: 161ms, render: 138ms)
 GET /api/schedule-settings 200 in 290ms (compile: 3ms, proxy.ts: 194ms, render: 93ms)
 GET /api/days-of-week 200 in 398ms (compile: 3ms, proxy.ts: 187ms, render: 207ms)
 GET /api/schedule-settings 200 in 189ms (compile: 4ms, proxy.ts: 93ms, render: 92ms)
 GET /api/timeslots 200 in 503ms (compile: 3ms, proxy.ts: 414ms, render: 86ms)
 GET /api/days-of-week 200 in 597ms (compile: 3ms, proxy.ts: 103ms, render: 491ms)
 GET /api/classrooms 200 in 464ms (compile: 6ms, proxy.ts: 347ms, render: 110ms)
 GET /api/weekly-schedule?t=1768003351769 200 in 911ms (compile: 5ms, proxy.ts: 87ms, render: 820ms)
 GET /api/weekly-schedule?t=1768003351953 200 in 1039ms (compile: 6ms, proxy.ts: 208ms, render: 824ms)
 GET /sub-finder 200 in 645ms (compile: 91ms, proxy.ts: 536ms, render: 18ms)
 GET /api/teachers 200 in 505ms (compile: 9ms, proxy.ts: 170ms, render: 326ms)
 GET /api/teachers 200 in 512ms (compile: 11ms, proxy.ts: 177ms, render: 325ms)
 GET /api/sub-finder/absences?include_partially_covered=false 200 in 795ms (compile: 3ms, proxy.ts: 95ms, render: 697ms)
 GET /api/sub-finder/absences?include_partially_covered=false 200 in 1622ms (compile: 13ms, proxy.ts: 177ms, render: 1433ms)
 GET /api/timeslots 200 in 260ms (compile: 10ms, proxy.ts: 113ms, render: 137ms)
 GET /api/timeslots 200 in 338ms (compile: 21ms, proxy.ts: 116ms, render: 201ms)
 GET /sub-finder 200 in 520ms (compile: 7ms, proxy.ts: 201ms, render: 312ms)
 GET /api/teachers 200 in 331ms (compile: 3ms, proxy.ts: 186ms, render: 142ms)
 GET /api/sub-finder/absences?include_partially_covered=false 200 in 447ms (compile: 6ms, proxy.ts: 113ms, render: 329ms)
 GET /api/timeslots 200 in 230ms (compile: 3ms, proxy.ts: 119ms, render: 108ms)
 GET /api/timeslots 200 in 267ms (compile: 5ms, proxy.ts: 101ms, render: 161ms)
 GET /api/sub-finder/absences?include_partially_covered=false 200 in 1146ms (compile: 14ms, proxy.ts: 694ms, render: 438ms)
 GET /api/timeslots 200 in 340ms (compile: 10ms, proxy.ts: 196ms, render: 134ms)
 GET /api/timeslots 200 in 405ms (compile: 3ms, proxy.ts: 277ms, render: 125ms)
 GET /api/sub-finder/absences?include_partially_covered=false 200 in 712ms (compile: 7ms, proxy.ts: 105ms, render: 600ms)
✓ Compiled in 122ms
✓ Compiled in 125ms
✓ Compiled in 83ms
 GET /api/timeslots 200 in 338ms (compile: 10ms, proxy.ts: 204ms, render: 124ms)
 GET /api/timeslots 200 in 512ms (compile: 7ms, proxy.ts: 372ms, render: 134ms)
⨯ ./app/(dashboard)/sub-finder/page.tsx:17:1
Module not found: Can't resolve '@/components/sub-finder/DatePickerInput'
[0m [90m 15 |[39m [36mimport[39m [33mCoverageSummary[39m [36mfrom[39m [32m'@/components/sub-finder/CoverageSummary'[39m
 [90m 16 |[39m [36mimport[39m [33mShiftSelectionTable[39m [36mfrom[39m [32m'@/components/time-off/ShiftSelectionTable'[39m
[31m[1m>[22m[39m[90m 17 |[39m [36mimport[39m [33mDatePickerInput[39m [36mfrom[39m [32m'@/components/sub-finder/DatePickerInput'[39m
 [90m    |[39m [31m[1m^[22m[39m[31m[1m^[22m[39m[31m[1m^[22m[39m[31m[1m^[22m[39m[31m[1m^[22m[39m[31m[1m^[22m[39m[31m[1m^[22m[39m[31m[1m^[22m[39m[31m[1m^[22m[39m[31m[1m^[22m[39m[31m[1m^[22m[39m[31m[1m^[22m[39m[31m[1m^[22m[39m[31m[1m^[22m[39m[31m[1m^[22m[39m[31m[1m^[22m[39m[31m[1m^[22m[39m[31m[1m^[22m[39m[31m[1m^[22m[39m[31m[1m^[22m[39m[31m[1m^[22m[39m[31m[1m^[22m[39m[31m[1m^[22m[39m[31m[1m^[22m[39m[31m[1m^[22m[39m[31m[1m^[22m[39m[31m[1m^[22m[39m[31m[1m^[22m[39m[31m[1m^[22m[39m[31m[1m^[22m[39m[31m[1m^[22m[39m[31m[1m^[22m[39m[31m[1m^[22m[39m[31m[1m^[22m[39m[31m[1m^[22m[39m[31m[1m^[22m[39m[31m[1m^[22m[39m[31m[1m^[22m[39m[31m[1m^[22m[39m[31m[1m^[22m[39m[31m[1m^[22m[39m[31m[1m^[22m[39m[31m[1m^[22m[39m[31m[1m^[22m[39m[31m[1m^[22m[39m[31m[1m^[22m[39m[31m[1m^[22m[39m[31m[1m^[22m[39m[31m[1m^[22m[39m[31m[1m^[22m[39m[31m[1m^[22m[39m[31m[1m^[22m[39m[31m[1m^[22m[39m[31m[1m^[22m[39m[31m[1m^[22m[39m[31m[1m^[22m[39m[31m[1m^[22m[39m[31m[1m^[22m[39m[31m[1m^[22m[39m[31m[1m^[22m[39m[31m[1m^[22m[39m[31m[1m^[22m[39m[31m[1m^[22m[39m[31m[1m^[22m[39m[31m[1m^[22m[39m[31m[1m^[22m[39m[31m[1m^[22m[39m[31m[1m^[22m[39m[31m[1m^[22m[39m
 [90m 18 |[39m [36mimport[39m { parseLocalDate } [36mfrom[39m [32m'@/lib/utils/date'[39m
 [90m 19 |[39m [36mimport[39m { findBestCombination } [36mfrom[39m [32m'@/lib/utils/sub-combination'[39m
 [90m 20 |[39m [36mimport[39m { cn } [36mfrom[39m [32m'@/lib/utils'[39m[0m

Import map: aliased to relative './components/sub-finder/DatePickerInput' inside of [project]/


Import traces:
  Client Component Browser:
    ./app/(dashboard)/sub-finder/page.tsx [Client Component Browser]
    ./app/(dashboard)/sub-finder/page.tsx [Server Component]

  Client Component SSR:
    ./app/(dashboard)/sub-finder/page.tsx [Client Component SSR]
    ./app/(dashboard)/sub-finder/page.tsx [Server Component]

https://nextjs.org/docs/messages/module-not-found


⨯ ./app/(dashboard)/sub-finder/page.tsx:17:1
Module not found: Can't resolve '@/components/sub-finder/DatePickerInput'
[0m [90m 15 |[39m [36mimport[39m [33mCoverageSummary[39m [36mfrom[39m [32m'@/components/sub-finder/CoverageSummary'[39m
 [90m 16 |[39m [36mimport[39m [33mShiftSelectionTable[39m [36mfrom[39m [32m'@/components/time-off/ShiftSelectionTable'[39m
[31m[1m>[22m[39m[90m 17 |[39m [36mimport[39m [33mDatePickerInput[39m [36mfrom[39m [32m'@/components/sub-finder/DatePickerInput'[39m
 [90m    |[39m [31m[1m^[22m[39m[31m[1m^[22m[39m[31m[1m^[22m[39m[31m[1m^[22m[39m[31m[1m^[22m[39m[31m[1m^[22m[39m[31m[1m^[22m[39m[31m[1m^[22m[39m[31m[1m^[22m[39m[31m[1m^[22m[39m[31m[1m^[22m[39m[31m[1m^[22m[39m[31m[1m^[22m[39m[31m[1m^[22m[39m[31m[1m^[22m[39m[31m[1m^[22m[39m[31m[1m^[22m[39m[31m[1m^[22m[39m[31m[1m^[22m[39m[31m[1m^[22m[39m[31m[1m^[22m[39m[31m[1m^[22m[39m[31m[1m^[22m[39m[31m[1m^[22m[39m[31m[1m^[22m[39m[31m[1m^[22m[39m[31m[1m^[22m[39m[31m[1m^[22m[39m[31m[1m^[22m[39m[31m[1m^[22m[39m[31m[1m^[22m[39m[31m[1m^[22m[39m[31m[1m^[22m[39m[31m[1m^[22m[39m[31m[1m^[22m[39m[31m[1m^[22m[39m[31m[1m^[22m[39m[31m[1m^[22m[39m[31m[1m^[22m[39m[31m[1m^[22m[39m[31m[1m^[22m[39m[31m[1m^[22m[39m[31m[1m^[22m[39m[31m[1m^[22m[39m[31m[1m^[22m[39m[31m[1m^[22m[39m[31m[1m^[22m[39m[31m[1m^[22m[39m[31m[1m^[22m[39m[31m[1m^[22m[39m[31m[1m^[22m[39m[31m[1m^[22m[39m[31m[1m^[22m[39m[31m[1m^[22m[39m[31m[1m^[22m[39m[31m[1m^[22m[39m[31m[1m^[22m[39m[31m[1m^[22m[39m[31m[1m^[22m[39m[31m[1m^[22m[39m[31m[1m^[22m[39m[31m[1m^[22m[39m[31m[1m^[22m[39m[31m[1m^[22m[39m[31m[1m^[22m[39m[31m[1m^[22m[39m[31m[1m^[22m[39m[31m[1m^[22m[39m[31m[1m^[22m[39m
 [90m 18 |[39m [36mimport[39m { parseLocalDate } [36mfrom[39m [32m'@/lib/utils/date'[39m
 [90m 19 |[39m [36mimport[39m { findBestCombination } [36mfrom[39m [32m'@/lib/utils/sub-combination'[39m
 [90m 20 |[39m [36mimport[39m { cn } [36mfrom[39m [32m'@/lib/utils'[39m[0m

Import map: aliased to relative './components/sub-finder/DatePickerInput' inside of [project]/


Import traces:
  Client Component Browser:
    ./app/(dashboard)/sub-finder/page.tsx [Client Component Browser]
    ./app/(dashboard)/sub-finder/page.tsx [Server Component]

  Client Component SSR:
    ./app/(dashboard)/sub-finder/page.tsx [Client Component SSR]
    ./app/(dashboard)/sub-finder/page.tsx [Server Component]

https://nextjs.org/docs/messages/module-not-found


⨯ ./app/(dashboard)/sub-finder/page.tsx:17:1
Module not found: Can't resolve '@/components/sub-finder/DatePickerInput'
[0m [90m 15 |[39m [36mimport[39m [33mCoverageSummary[39m [36mfrom[39m [32m'@/components/sub-finder/CoverageSummary'[39m
 [90m 16 |[39m [36mimport[39m [33mShiftSelectionTable[39m [36mfrom[39m [32m'@/components/time-off/ShiftSelectionTable'[39m
[31m[1m>[22m[39m[90m 17 |[39m [36mimport[39m [33mDatePickerInput[39m [36mfrom[39m [32m'@/components/sub-finder/DatePickerInput'[39m
 [90m    |[39m [31m[1m^[22m[39m[31m[1m^[22m[39m[31m[1m^[22m[39m[31m[1m^[22m[39m[31m[1m^[22m[39m[31m[1m^[22m[39m[31m[1m^[22m[39m[31m[1m^[22m[39m[31m[1m^[22m[39m[31m[1m^[22m[39m[31m[1m^[22m[39m[31m[1m^[22m[39m[31m[1m^[22m[39m[31m[1m^[22m[39m[31m[1m^[22m[39m[31m[1m^[22m[39m[31m[1m^[22m[39m[31m[1m^[22m[39m[31m[1m^[22m[39m[31m[1m^[22m[39m[31m[1m^[22m[39m[31m[1m^[22m[39m[31m[1m^[22m[39m[31m[1m^[22m[39m[31m[1m^[22m[39m[31m[1m^[22m[39m[31m[1m^[22m[39m[31m[1m^[22m[39m[31m[1m^[22m[39m[31m[1m^[22m[39m[31m[1m^[22m[39m[31m[1m^[22m[39m[31m[1m^[22m[39m[31m[1m^[22m[39m[31m[1m^[22m[39m[31m[1m^[22m[39m[31m[1m^[22m[39m[31m[1m^[22m[39m[31m[1m^[22m[39m[31m[1m^[22m[39m[31m[1m^[22m[39m[31m[1m^[22m[39m[31m[1m^[22m[39m[31m[1m^[22m[39m[31m[1m^[22m[39m[31m[1m^[22m[39m[31m[1m^[22m[39m[31m[1m^[22m[39m[31m[1m^[22m[39m[31m[1m^[22m[39m[31m[1m^[22m[39m[31m[1m^[22m[39m[31m[1m^[22m[39m[31m[1m^[22m[39m[31m[1m^[22m[39m[31m[1m^[22m[39m[31m[1m^[22m[39m[31m[1m^[22m[39m[31m[1m^[22m[39m[31m[1m^[22m[39m[31m[1m^[22m[39m[31m[1m^[22m[39m[31m[1m^[22m[39m[31m[1m^[22m[39m[31m[1m^[22m[39m[31m[1m^[22m[39m[31m[1m^[22m[39m[31m[1m^[22m[39m[31m[1m^[22m[39m
 [90m 18 |[39m [36mimport[39m { parseLocalDate } [36mfrom[39m [32m'@/lib/utils/date'[39m
 [90m 19 |[39m [36mimport[39m { findBestCombination } [36mfrom[39m [32m'@/lib/utils/sub-combination'[39m
 [90m 20 |[39m [36mimport[39m { cn } [36mfrom[39m [32m'@/lib/utils'[39m[0m

Import map: aliased to relative './components/sub-finder/DatePickerInput' inside of [project]/


Import traces:
  Client Component Browser:
    ./app/(dashboard)/sub-finder/page.tsx [Client Component Browser]
    ./app/(dashboard)/sub-finder/page.tsx [Server Component]

  Client Component SSR:
    ./app/(dashboard)/sub-finder/page.tsx [Client Component SSR]
    ./app/(dashboard)/sub-finder/page.tsx [Server Component]

https://nextjs.org/docs/messages/module-not-found


⨯ ./app/(dashboard)/sub-finder/page.tsx:17:1
Module not found: Can't resolve '@/components/sub-finder/DatePickerInput'
[0m [90m 15 |[39m [36mimport[39m [33mCoverageSummary[39m [36mfrom[39m [32m'@/components/sub-finder/CoverageSummary'[39m
 [90m 16 |[39m [36mimport[39m [33mShiftSelectionTable[39m [36mfrom[39m [32m'@/components/time-off/ShiftSelectionTable'[39m
[31m[1m>[22m[39m[90m 17 |[39m [36mimport[39m [33mDatePickerInput[39m [36mfrom[39m [32m'@/components/sub-finder/DatePickerInput'[39m
 [90m    |[39m [31m[1m^[22m[39m[31m[1m^[22m[39m[31m[1m^[22m[39m[31m[1m^[22m[39m[31m[1m^[22m[39m[31m[1m^[22m[39m[31m[1m^[22m[39m[31m[1m^[22m[39m[31m[1m^[22m[39m[31m[1m^[22m[39m[31m[1m^[22m[39m[31m[1m^[22m[39m[31m[1m^[22m[39m[31m[1m^[22m[39m[31m[1m^[22m[39m[31m[1m^[22m[39m[31m[1m^[22m[39m[31m[1m^[22m[39m[31m[1m^[22m[39m[31m[1m^[22m[39m[31m[1m^[22m[39m[31m[1m^[22m[39m[31m[1m^[22m[39m[31m[1m^[22m[39m[31m[1m^[22m[39m[31m[1m^[22m[39m[31m[1m^[22m[39m[31m[1m^[22m[39m[31m[1m^[22m[39m[31m[1m^[22m[39m[31m[1m^[22m[39m[31m[1m^[22m[39m[31m[1m^[22m[39m[31m[1m^[22m[39m[31m[1m^[22m[39m[31m[1m^[22m[39m[31m[1m^[22m[39m[31m[1m^[22m[39m[31m[1m^[22m[39m[31m[1m^[22m[39m[31m[1m^[22m[39m[31m[1m^[22m[39m[31m[1m^[22m[39m[31m[1m^[22m[39m[31m[1m^[22m[39m[31m[1m^[22m[39m[31m[1m^[22m[39m[31m[1m^[22m[39m[31m[1m^[22m[39m[31m[1m^[22m[39m[31m[1m^[22m[39m[31m[1m^[22m[39m[31m[1m^[22m[39m[31m[1m^[22m[39m[31m[1m^[22m[39m[31m[1m^[22m[39m[31m[1m^[22m[39m[31m[1m^[22m[39m[31m[1m^[22m[39m[31m[1m^[22m[39m[31m[1m^[22m[39m[31m[1m^[22m[39m[31m[1m^[22m[39m[31m[1m^[22m[39m[31m[1m^[22m[39m[31m[1m^[22m[39m[31m[1m^[22m[39m[31m[1m^[22m[39m[31m[1m^[22m[39m
 [90m 18 |[39m [36mimport[39m { parseLocalDate } [36mfrom[39m [32m'@/lib/utils/date'[39m
 [90m 19 |[39m [36mimport[39m { findBestCombination } [36mfrom[39m [32m'@/lib/utils/sub-combination'[39m
 [90m 20 |[39m [36mimport[39m { cn } [36mfrom[39m [32m'@/lib/utils'[39m[0m

Import map: aliased to relative './components/sub-finder/DatePickerInput' inside of [project]/


Import traces:
  Client Component Browser:
    ./app/(dashboard)/sub-finder/page.tsx [Client Component Browser]
    ./app/(dashboard)/sub-finder/page.tsx [Server Component]

  Client Component SSR:
    ./app/(dashboard)/sub-finder/page.tsx [Client Component SSR]
    ./app/(dashboard)/sub-finder/page.tsx [Server Component]

https://nextjs.org/docs/messages/module-not-found


⨯ ./app/(dashboard)/sub-finder/page.tsx:17:1
Module not found: Can't resolve '@/components/sub-finder/DatePickerInput'
[0m [90m 15 |[39m [36mimport[39m [33mCoverageSummary[39m [36mfrom[39m [32m'@/components/sub-finder/CoverageSummary'[39m
 [90m 16 |[39m [36mimport[39m [33mShiftSelectionTable[39m [36mfrom[39m [32m'@/components/time-off/ShiftSelectionTable'[39m
[31m[1m>[22m[39m[90m 17 |[39m [36mimport[39m [33mDatePickerInput[39m [36mfrom[39m [32m'@/components/sub-finder/DatePickerInput'[39m
 [90m    |[39m [31m[1m^[22m[39m[31m[1m^[22m[39m[31m[1m^[22m[39m[31m[1m^[22m[39m[31m[1m^[22m[39m[31m[1m^[22m[39m[31m[1m^[22m[39m[31m[1m^[22m[39m[31m[1m^[22m[39m[31m[1m^[22m[39m[31m[1m^[22m[39m[31m[1m^[22m[39m[31m[1m^[22m[39m[31m[1m^[22m[39m[31m[1m^[22m[39m[31m[1m^[22m[39m[31m[1m^[22m[39m[31m[1m^[22m[39m[31m[1m^[22m[39m[31m[1m^[22m[39m[31m[1m^[22m[39m[31m[1m^[22m[39m[31m[1m^[22m[39m[31m[1m^[22m[39m[31m[1m^[22m[39m[31m[1m^[22m[39m[31m[1m^[22m[39m[31m[1m^[22m[39m[31m[1m^[22m[39m[31m[1m^[22m[39m[31m[1m^[22m[39m[31m[1m^[22m[39m[31m[1m^[22m[39m[31m[1m^[22m[39m[31m[1m^[22m[39m[31m[1m^[22m[39m[31m[1m^[22m[39m[31m[1m^[22m[39m[31m[1m^[22m[39m[31m[1m^[22m[39m[31m[1m^[22m[39m[31m[1m^[22m[39m[31m[1m^[22m[39m[31m[1m^[22m[39m[31m[1m^[22m[39m[31m[1m^[22m[39m[31m[1m^[22m[39m[31m[1m^[22m[39m[31m[1m^[22m[39m[31m[1m^[22m[39m[31m[1m^[22m[39m[31m[1m^[22m[39m[31m[1m^[22m[39m[31m[1m^[22m[39m[31m[1m^[22m[39m[31m[1m^[22m[39m[31m[1m^[22m[39m[31m[1m^[22m[39m[31m[1m^[22m[39m[31m[1m^[22m[39m[31m[1m^[22m[39m[31m[1m^[22m[39m[31m[1m^[22m[39m[31m[1m^[22m[39m[31m[1m^[22m[39m[31m[1m^[22m[39m[31m[1m^[22m[39m[31m[1m^[22m[39m[31m[1m^[22m[39m
 [90m 18 |[39m [36mimport[39m { parseLocalDate } [36mfrom[39m [32m'@/lib/utils/date'[39m
 [90m 19 |[39m [36mimport[39m { findBestCombination } [36mfrom[39m [32m'@/lib/utils/sub-combination'[39m
 [90m 20 |[39m [36mimport[39m { cn } [36mfrom[39m [32m'@/lib/utils'[39m[0m

Import map: aliased to relative './components/sub-finder/DatePickerInput' inside of [project]/


Import traces:
  Client Component Browser:
    ./app/(dashboard)/sub-finder/page.tsx [Client Component Browser]
    ./app/(dashboard)/sub-finder/page.tsx [Server Component]

  Client Component SSR:
    ./app/(dashboard)/sub-finder/page.tsx [Client Component SSR]
    ./app/(dashboard)/sub-finder/page.tsx [Server Component]

https://nextjs.org/docs/messages/module-not-found


⨯ ./app/(dashboard)/sub-finder/page.tsx:17:1
Module not found: Can't resolve '@/components/sub-finder/DatePickerInput'
[0m [90m 15 |[39m [36mimport[39m [33mCoverageSummary[39m [36mfrom[39m [32m'@/components/sub-finder/CoverageSummary'[39m
 [90m 16 |[39m [36mimport[39m [33mShiftSelectionTable[39m [36mfrom[39m [32m'@/components/time-off/ShiftSelectionTable'[39m
[31m[1m>[22m[39m[90m 17 |[39m [36mimport[39m [33mDatePickerInput[39m [36mfrom[39m [32m'@/components/sub-finder/DatePickerInput'[39m
 [90m    |[39m [31m[1m^[22m[39m[31m[1m^[22m[39m[31m[1m^[22m[39m[31m[1m^[22m[39m[31m[1m^[22m[39m[31m[1m^[22m[39m[31m[1m^[22m[39m[31m[1m^[22m[39m[31m[1m^[22m[39m[31m[1m^[22m[39m[31m[1m^[22m[39m[31m[1m^[22m[39m[31m[1m^[22m[39m[31m[1m^[22m[39m[31m[1m^[22m[39m[31m[1m^[22m[39m[31m[1m^[22m[39m[31m[1m^[22m[39m[31m[1m^[22m[39m[31m[1m^[22m[39m[31m[1m^[22m[39m[31m[1m^[22m[39m[31m[1m^[22m[39m[31m[1m^[22m[39m[31m[1m^[22m[39m[31m[1m^[22m[39m[31m[1m^[22m[39m[31m[1m^[22m[39m[31m[1m^[22m[39m[31m[1m^[22m[39m[31m[1m^[22m[39m[31m[1m^[22m[39m[31m[1m^[22m[39m[31m[1m^[22m[39m[31m[1m^[22m[39m[31m[1m^[22m[39m[31m[1m^[22m[39m[31m[1m^[22m[39m[31m[1m^[22m[39m[31m[1m^[22m[39m[31m[1m^[22m[39m[31m[1m^[22m[39m[31m[1m^[22m[39m[31m[1m^[22m[39m[31m[1m^[22m[39m[31m[1m^[22m[39m[31m[1m^[22m[39m[31m[1m^[22m[39m[31m[1m^[22m[39m[31m[1m^[22m[39m[31m[1m^[22m[39m[31m[1m^[22m[39m[31m[1m^[22m[39m[31m[1m^[22m[39m[31m[1m^[22m[39m[31m[1m^[22m[39m[31m[1m^[22m[39m[31m[1m^[22m[39m[31m[1m^[22m[39m[31m[1m^[22m[39m[31m[1m^[22m[39m[31m[1m^[22m[39m[31m[1m^[22m[39m[31m[1m^[22m[39m[31m[1m^[22m[39m[31m[1m^[22m[39m[31m[1m^[22m[39m[31m[1m^[22m[39m[31m[1m^[22m[39m
 [90m 18 |[39m [36mimport[39m { parseLocalDate } [36mfrom[39m [32m'@/lib/utils/date'[39m
 [90m 19 |[39m [36mimport[39m { findBestCombination } [36mfrom[39m [32m'@/lib/utils/sub-combination'[39m
 [90m 20 |[39m [36mimport[39m { cn } [36mfrom[39m [32m'@/lib/utils'[39m[0m

Import map: aliased to relative './components/sub-finder/DatePickerInput' inside of [project]/


Import traces:
  Client Component Browser:
    ./app/(dashboard)/sub-finder/page.tsx [Client Component Browser]
    ./app/(dashboard)/sub-finder/page.tsx [Server Component]

  Client Component SSR:
    ./app/(dashboard)/sub-finder/page.tsx [Client Component SSR]
    ./app/(dashboard)/sub-finder/page.tsx [Server Component]

https://nextjs.org/docs/messages/module-not-found


⨯ ./app/(dashboard)/sub-finder/page.tsx:17:1
Module not found: Can't resolve '@/components/sub-finder/DatePickerInput'
[0m [90m 15 |[39m [36mimport[39m [33mCoverageSummary[39m [36mfrom[39m [32m'@/components/sub-finder/CoverageSummary'[39m
 [90m 16 |[39m [36mimport[39m [33mShiftSelectionTable[39m [36mfrom[39m [32m'@/components/time-off/ShiftSelectionTable'[39m
[31m[1m>[22m[39m[90m 17 |[39m [36mimport[39m [33mDatePickerInput[39m [36mfrom[39m [32m'@/components/sub-finder/DatePickerInput'[39m
 [90m    |[39m [31m[1m^[22m[39m[31m[1m^[22m[39m[31m[1m^[22m[39m[31m[1m^[22m[39m[31m[1m^[22m[39m[31m[1m^[22m[39m[31m[1m^[22m[39m[31m[1m^[22m[39m[31m[1m^[22m[39m[31m[1m^[22m[39m[31m[1m^[22m[39m[31m[1m^[22m[39m[31m[1m^[22m[39m[31m[1m^[22m[39m[31m[1m^[22m[39m[31m[1m^[22m[39m[31m[1m^[22m[39m[31m[1m^[22m[39m[31m[1m^[22m[39m[31m[1m^[22m[39m[31m[1m^[22m[39m[31m[1m^[22m[39m[31m[1m^[22m[39m[31m[1m^[22m[39m[31m[1m^[22m[39m[31m[1m^[22m[39m[31m[1m^[22m[39m[31m[1m^[22m[39m[31m[1m^[22m[39m[31m[1m^[22m[39m[31m[1m^[22m[39m[31m[1m^[22m[39m[31m[1m^[22m[39m[31m[1m^[22m[39m[31m[1m^[22m[39m[31m[1m^[22m[39m[31m[1m^[22m[39m[31m[1m^[22m[39m[31m[1m^[22m[39m[31m[1m^[22m[39m[31m[1m^[22m[39m[31m[1m^[22m[39m[31m[1m^[22m[39m[31m[1m^[22m[39m[31m[1m^[22m[39m[31m[1m^[22m[39m[31m[1m^[22m[39m[31m[1m^[22m[39m[31m[1m^[22m[39m[31m[1m^[22m[39m[31m[1m^[22m[39m[31m[1m^[22m[39m[31m[1m^[22m[39m[31m[1m^[22m[39m[31m[1m^[22m[39m[31m[1m^[22m[39m[31m[1m^[22m[39m[31m[1m^[22m[39m[31m[1m^[22m[39m[31m[1m^[22m[39m[31m[1m^[22m[39m[31m[1m^[22m[39m[31m[1m^[22m[39m[31m[1m^[22m[39m[31m[1m^[22m[39m[31m[1m^[22m[39m[31m[1m^[22m[39m[31m[1m^[22m[39m[31m[1m^[22m[39m
 [90m 18 |[39m [36mimport[39m { parseLocalDate } [36mfrom[39m [32m'@/lib/utils/date'[39m
 [90m 19 |[39m [36mimport[39m { findBestCombination } [36mfrom[39m [32m'@/lib/utils/sub-combination'[39m
 [90m 20 |[39m [36mimport[39m { cn } [36mfrom[39m [32m'@/lib/utils'[39m[0m

Import map: aliased to relative './components/sub-finder/DatePickerInput' inside of [project]/


Import traces:
  Client Component Browser:
    ./app/(dashboard)/sub-finder/page.tsx [Client Component Browser]
    ./app/(dashboard)/sub-finder/page.tsx [Server Component]

  Client Component SSR:
    ./app/(dashboard)/sub-finder/page.tsx [Client Component SSR]
    ./app/(dashboard)/sub-finder/page.tsx [Server Component]

https://nextjs.org/docs/messages/module-not-found


⨯ ./app/(dashboard)/sub-finder/page.tsx:17:1
Module not found: Can't resolve '@/components/sub-finder/DatePickerInput'
[0m [90m 15 |[39m [36mimport[39m [33mCoverageSummary[39m [36mfrom[39m [32m'@/components/sub-finder/CoverageSummary'[39m
 [90m 16 |[39m [36mimport[39m [33mShiftSelectionTable[39m [36mfrom[39m [32m'@/components/time-off/ShiftSelectionTable'[39m
[31m[1m>[22m[39m[90m 17 |[39m [36mimport[39m [33mDatePickerInput[39m [36mfrom[39m [32m'@/components/sub-finder/DatePickerInput'[39m
 [90m    |[39m [31m[1m^[22m[39m[31m[1m^[22m[39m[31m[1m^[22m[39m[31m[1m^[22m[39m[31m[1m^[22m[39m[31m[1m^[22m[39m[31m[1m^[22m[39m[31m[1m^[22m[39m[31m[1m^[22m[39m[31m[1m^[22m[39m[31m[1m^[22m[39m[31m[1m^[22m[39m[31m[1m^[22m[39m[31m[1m^[22m[39m[31m[1m^[22m[39m[31m[1m^[22m[39m[31m[1m^[22m[39m[31m[1m^[22m[39m[31m[1m^[22m[39m[31m[1m^[22m[39m[31m[1m^[22m[39m[31m[1m^[22m[39m[31m[1m^[22m[39m[31m[1m^[22m[39m[31m[1m^[22m[39m[31m[1m^[22m[39m[31m[1m^[22m[39m[31m[1m^[22m[39m[31m[1m^[22m[39m[31m[1m^[22m[39m[31m[1m^[22m[39m[31m[1m^[22m[39m[31m[1m^[22m[39m[31m[1m^[22m[39m[31m[1m^[22m[39m[31m[1m^[22m[39m[31m[1m^[22m[39m[31m[1m^[22m[39m[31m[1m^[22m[39m[31m[1m^[22m[39m[31m[1m^[22m[39m[31m[1m^[22m[39m[31m[1m^[22m[39m[31m[1m^[22m[39m[31m[1m^[22m[39m[31m[1m^[22m[39m[31m[1m^[22m[39m[31m[1m^[22m[39m[31m[1m^[22m[39m[31m[1m^[22m[39m[31m[1m^[22m[39m[31m[1m^[22m[39m[31m[1m^[22m[39m[31m[1m^[22m[39m[31m[1m^[22m[39m[31m[1m^[22m[39m[31m[1m^[22m[39m[31m[1m^[22m[39m[31m[1m^[22m[39m[31m[1m^[22m[39m[31m[1m^[22m[39m[31m[1m^[22m[39m[31m[1m^[22m[39m[31m[1m^[22m[39m[31m[1m^[22m[39m[31m[1m^[22m[39m[31m[1m^[22m[39m[31m[1m^[22m[39m[31m[1m^[22m[39m
 [90m 18 |[39m [36mimport[39m { parseLocalDate } [36mfrom[39m [32m'@/lib/utils/date'[39m
 [90m 19 |[39m [36mimport[39m { findBestCombination } [36mfrom[39m [32m'@/lib/utils/sub-combination'[39m
 [90m 20 |[39m [36mimport[39m { cn } [36mfrom[39m [32m'@/lib/utils'[39m[0m

Import map: aliased to relative './components/sub-finder/DatePickerInput' inside of [project]/


Import traces:
  Client Component Browser:
    ./app/(dashboard)/sub-finder/page.tsx [Client Component Browser]
    ./app/(dashboard)/sub-finder/page.tsx [Server Component]

  Client Component SSR:
    ./app/(dashboard)/sub-finder/page.tsx [Client Component SSR]
    ./app/(dashboard)/sub-finder/page.tsx [Server Component]

https://nextjs.org/docs/messages/module-not-found


⨯ ./app/(dashboard)/sub-finder/page.tsx:17:1
Module not found: Can't resolve '@/components/sub-finder/DatePickerInput'
[0m [90m 15 |[39m [36mimport[39m [33mCoverageSummary[39m [36mfrom[39m [32m'@/components/sub-finder/CoverageSummary'[39m
 [90m 16 |[39m [36mimport[39m [33mShiftSelectionTable[39m [36mfrom[39m [32m'@/components/time-off/ShiftSelectionTable'[39m
[31m[1m>[22m[39m[90m 17 |[39m [36mimport[39m [33mDatePickerInput[39m [36mfrom[39m [32m'@/components/sub-finder/DatePickerInput'[39m
 [90m    |[39m [31m[1m^[22m[39m[31m[1m^[22m[39m[31m[1m^[22m[39m[31m[1m^[22m[39m[31m[1m^[22m[39m[31m[1m^[22m[39m[31m[1m^[22m[39m[31m[1m^[22m[39m[31m[1m^[22m[39m[31m[1m^[22m[39m[31m[1m^[22m[39m[31m[1m^[22m[39m[31m[1m^[22m[39m[31m[1m^[22m[39m[31m[1m^[22m[39m[31m[1m^[22m[39m[31m[1m^[22m[39m[31m[1m^[22m[39m[31m[1m^[22m[39m[31m[1m^[22m[39m[31m[1m^[22m[39m[31m[1m^[22m[39m[31m[1m^[22m[39m[31m[1m^[22m[39m[31m[1m^[22m[39m[31m[1m^[22m[39m[31m[1m^[22m[39m[31m[1m^[22m[39m[31m[1m^[22m[39m[31m[1m^[22m[39m[31m[1m^[22m[39m[31m[1m^[22m[39m[31m[1m^[22m[39m[31m[1m^[22m[39m[31m[1m^[22m[39m[31m[1m^[22m[39m[31m[1m^[22m[39m[31m[1m^[22m[39m[31m[1m^[22m[39m[31m[1m^[22m[39m[31m[1m^[22m[39m[31m[1m^[22m[39m[31m[1m^[22m[39m[31m[1m^[22m[39m[31m[1m^[22m[39m[31m[1m^[22m[39m[31m[1m^[22m[39m[31m[1m^[22m[39m[31m[1m^[22m[39m[31m[1m^[22m[39m[31m[1m^[22m[39m[31m[1m^[22m[39m[31m[1m^[22m[39m[31m[1m^[22m[39m[31m[1m^[22m[39m[31m[1m^[22m[39m[31m[1m^[22m[39m[31m[1m^[22m[39m[31m[1m^[22m[39m[31m[1m^[22m[39m[31m[1m^[22m[39m[31m[1m^[22m[39m[31m[1m^[22m[39m[31m[1m^[22m[39m[31m[1m^[22m[39m[31m[1m^[22m[39m[31m[1m^[22m[39m[31m[1m^[22m[39m[31m[1m^[22m[39m
 [90m 18 |[39m [36mimport[39m { parseLocalDate } [36mfrom[39m [32m'@/lib/utils/date'[39m
 [90m 19 |[39m [36mimport[39m { findBestCombination } [36mfrom[39m [32m'@/lib/utils/sub-combination'[39m
 [90m 20 |[39m [36mimport[39m { cn } [36mfrom[39m [32m'@/lib/utils'[39m[0m

Import map: aliased to relative './components/sub-finder/DatePickerInput' inside of [project]/


Import traces:
  Client Component Browser:
    ./app/(dashboard)/sub-finder/page.tsx [Client Component Browser]
    ./app/(dashboard)/sub-finder/page.tsx [Server Component]

  Client Component SSR:
    ./app/(dashboard)/sub-finder/page.tsx [Client Component SSR]
    ./app/(dashboard)/sub-finder/page.tsx [Server Component]

https://nextjs.org/docs/messages/module-not-found


⨯ ./app/(dashboard)/sub-finder/page.tsx:17:1
Module not found: Can't resolve '@/components/sub-finder/DatePickerInput'
[0m [90m 15 |[39m [36mimport[39m [33mCoverageSummary[39m [36mfrom[39m [32m'@/components/sub-finder/CoverageSummary'[39m
 [90m 16 |[39m [36mimport[39m [33mShiftSelectionTable[39m [36mfrom[39m [32m'@/components/time-off/ShiftSelectionTable'[39m
[31m[1m>[22m[39m[90m 17 |[39m [36mimport[39m [33mDatePickerInput[39m [36mfrom[39m [32m'@/components/sub-finder/DatePickerInput'[39m
 [90m    |[39m [31m[1m^[22m[39m[31m[1m^[22m[39m[31m[1m^[22m[39m[31m[1m^[22m[39m[31m[1m^[22m[39m[31m[1m^[22m[39m[31m[1m^[22m[39m[31m[1m^[22m[39m[31m[1m^[22m[39m[31m[1m^[22m[39m[31m[1m^[22m[39m[31m[1m^[22m[39m[31m[1m^[22m[39m[31m[1m^[22m[39m[31m[1m^[22m[39m[31m[1m^[22m[39m[31m[1m^[22m[39m[31m[1m^[22m[39m[31m[1m^[22m[39m[31m[1m^[22m[39m[31m[1m^[22m[39m[31m[1m^[22m[39m[31m[1m^[22m[39m[31m[1m^[22m[39m[31m[1m^[22m[39m[31m[1m^[22m[39m[31m[1m^[22m[39m[31m[1m^[22m[39m[31m[1m^[22m[39m[31m[1m^[22m[39m[31m[1m^[22m[39m[31m[1m^[22m[39m[31m[1m^[22m[39m[31m[1m^[22m[39m[31m[1m^[22m[39m[31m[1m^[22m[39m[31m[1m^[22m[39m[31m[1m^[22m[39m[31m[1m^[22m[39m[31m[1m^[22m[39m[31m[1m^[22m[39m[31m[1m^[22m[39m[31m[1m^[22m[39m[31m[1m^[22m[39m[31m[1m^[22m[39m[31m[1m^[22m[39m[31m[1m^[22m[39m[31m[1m^[22m[39m[31m[1m^[22m[39m[31m[1m^[22m[39m[31m[1m^[22m[39m[31m[1m^[22m[39m[31m[1m^[22m[39m[31m[1m^[22m[39m[31m[1m^[22m[39m[31m[1m^[22m[39m[31m[1m^[22m[39m[31m[1m^[22m[39m[31m[1m^[22m[39m[31m[1m^[22m[39m[31m[1m^[22m[39m[31m[1m^[22m[39m[31m[1m^[22m[39m[31m[1m^[22m[39m[31m[1m^[22m[39m[31m[1m^[22m[39m[31m[1m^[22m[39m[31m[1m^[22m[39m[31m[1m^[22m[39m
 [90m 18 |[39m [36mimport[39m { parseLocalDate } [36mfrom[39m [32m'@/lib/utils/date'[39m
 [90m 19 |[39m [36mimport[39m { findBestCombination } [36mfrom[39m [32m'@/lib/utils/sub-combination'[39m
 [90m 20 |[39m [36mimport[39m { cn } [36mfrom[39m [32m'@/lib/utils'[39m[0m

Import map: aliased to relative './components/sub-finder/DatePickerInput' inside of [project]/


Import traces:
  Client Component Browser:
    ./app/(dashboard)/sub-finder/page.tsx [Client Component Browser]
    ./app/(dashboard)/sub-finder/page.tsx [Server Component]

  Client Component SSR:
    ./app/(dashboard)/sub-finder/page.tsx [Client Component SSR]
    ./app/(dashboard)/sub-finder/page.tsx [Server Component]

https://nextjs.org/docs/messages/module-not-found


⨯ ./app/(dashboard)/sub-finder/page.tsx:17:1
Module not found: Can't resolve '@/components/sub-finder/DatePickerInput'
[0m [90m 15 |[39m [36mimport[39m [33mCoverageSummary[39m [36mfrom[39m [32m'@/components/sub-finder/CoverageSummary'[39m
 [90m 16 |[39m [36mimport[39m [33mShiftSelectionTable[39m [36mfrom[39m [32m'@/components/time-off/ShiftSelectionTable'[39m
[31m[1m>[22m[39m[90m 17 |[39m [36mimport[39m [33mDatePickerInput[39m [36mfrom[39m [32m'@/components/sub-finder/DatePickerInput'[39m
 [90m    |[39m [31m[1m^[22m[39m[31m[1m^[22m[39m[31m[1m^[22m[39m[31m[1m^[22m[39m[31m[1m^[22m[39m[31m[1m^[22m[39m[31m[1m^[22m[39m[31m[1m^[22m[39m[31m[1m^[22m[39m[31m[1m^[22m[39m[31m[1m^[22m[39m[31m[1m^[22m[39m[31m[1m^[22m[39m[31m[1m^[22m[39m[31m[1m^[22m[39m[31m[1m^[22m[39m[31m[1m^[22m[39m[31m[1m^[22m[39m[31m[1m^[22m[39m[31m[1m^[22m[39m[31m[1m^[22m[39m[31m[1m^[22m[39m[31m[1m^[22m[39m[31m[1m^[22m[39m[31m[1m^[22m[39m[31m[1m^[22m[39m[31m[1m^[22m[39m[31m[1m^[22m[39m[31m[1m^[22m[39m[31m[1m^[22m[39m[31m[1m^[22m[39m[31m[1m^[22m[39m[31m[1m^[22m[39m[31m[1m^[22m[39m[31m[1m^[22m[39m[31m[1m^[22m[39m[31m[1m^[22m[39m[31m[1m^[22m[39m[31m[1m^[22m[39m[31m[1m^[22m[39m[31m[1m^[22m[39m[31m[1m^[22m[39m[31m[1m^[22m[39m[31m[1m^[22m[39m[31m[1m^[22m[39m[31m[1m^[22m[39m[31m[1m^[22m[39m[31m[1m^[22m[39m[31m[1m^[22m[39m[31m[1m^[22m[39m[31m[1m^[22m[39m[31m[1m^[22m[39m[31m[1m^[22m[39m[31m[1m^[22m[39m[31m[1m^[22m[39m[31m[1m^[22m[39m[31m[1m^[22m[39m[31m[1m^[22m[39m[31m[1m^[22m[39m[31m[1m^[22m[39m[31m[1m^[22m[39m[31m[1m^[22m[39m[31m[1m^[22m[39m[31m[1m^[22m[39m[31m[1m^[22m[39m[31m[1m^[22m[39m[31m[1m^[22m[39m[31m[1m^[22m[39m[31m[1m^[22m[39m
 [90m 18 |[39m [36mimport[39m { parseLocalDate } [36mfrom[39m [32m'@/lib/utils/date'[39m
 [90m 19 |[39m [36mimport[39m { findBestCombination } [36mfrom[39m [32m'@/lib/utils/sub-combination'[39m
 [90m 20 |[39m [36mimport[39m { cn } [36mfrom[39m [32m'@/lib/utils'[39m[0m

Import map: aliased to relative './components/sub-finder/DatePickerInput' inside of [project]/


Import traces:
  Client Component Browser:
    ./app/(dashboard)/sub-finder/page.tsx [Client Component Browser]
    ./app/(dashboard)/sub-finder/page.tsx [Server Component]

  Client Component SSR:
    ./app/(dashboard)/sub-finder/page.tsx [Client Component SSR]
    ./app/(dashboard)/sub-finder/page.tsx [Server Component]

https://nextjs.org/docs/messages/module-not-found


⨯ ./app/(dashboard)/sub-finder/page.tsx:17:1
Module not found: Can't resolve '@/components/sub-finder/DatePickerInput'
[0m [90m 15 |[39m [36mimport[39m [33mCoverageSummary[39m [36mfrom[39m [32m'@/components/sub-finder/CoverageSummary'[39m
 [90m 16 |[39m [36mimport[39m [33mShiftSelectionTable[39m [36mfrom[39m [32m'@/components/time-off/ShiftSelectionTable'[39m
[31m[1m>[22m[39m[90m 17 |[39m [36mimport[39m [33mDatePickerInput[39m [36mfrom[39m [32m'@/components/sub-finder/DatePickerInput'[39m
 [90m    |[39m [31m[1m^[22m[39m[31m[1m^[22m[39m[31m[1m^[22m[39m[31m[1m^[22m[39m[31m[1m^[22m[39m[31m[1m^[22m[39m[31m[1m^[22m[39m[31m[1m^[22m[39m[31m[1m^[22m[39m[31m[1m^[22m[39m[31m[1m^[22m[39m[31m[1m^[22m[39m[31m[1m^[22m[39m[31m[1m^[22m[39m[31m[1m^[22m[39m[31m[1m^[22m[39m[31m[1m^[22m[39m[31m[1m^[22m[39m[31m[1m^[22m[39m[31m[1m^[22m[39m[31m[1m^[22m[39m[31m[1m^[22m[39m[31m[1m^[22m[39m[31m[1m^[22m[39m[31m[1m^[22m[39m[31m[1m^[22m[39m[31m[1m^[22m[39m[31m[1m^[22m[39m[31m[1m^[22m[39m[31m[1m^[22m[39m[31m[1m^[22m[39m[31m[1m^[22m[39m[31m[1m^[22m[39m[31m[1m^[22m[39m[31m[1m^[22m[39m[31m[1m^[22m[39m[31m[1m^[22m[39m[31m[1m^[22m[39m[31m[1m^[22m[39m[31m[1m^[22m[39m[31m[1m^[22m[39m[31m[1m^[22m[39m[31m[1m^[22m[39m[31m[1m^[22m[39m[31m[1m^[22m[39m[31m[1m^[22m[39m[31m[1m^[22m[39m[31m[1m^[22m[39m[31m[1m^[22m[39m[31m[1m^[22m[39m[31m[1m^[22m[39m[31m[1m^[22m[39m[31m[1m^[22m[39m[31m[1m^[22m[39m[31m[1m^[22m[39m[31m[1m^[22m[39m[31m[1m^[22m[39m[31m[1m^[22m[39m[31m[1m^[22m[39m[31m[1m^[22m[39m[31m[1m^[22m[39m[31m[1m^[22m[39m[31m[1m^[22m[39m[31m[1m^[22m[39m[31m[1m^[22m[39m[31m[1m^[22m[39m[31m[1m^[22m[39m[31m[1m^[22m[39m[31m[1m^[22m[39m
 [90m 18 |[39m [36mimport[39m { parseLocalDate } [36mfrom[39m [32m'@/lib/utils/date'[39m
 [90m 19 |[39m [36mimport[39m { findBestCombination } [36mfrom[39m [32m'@/lib/utils/sub-combination'[39m
 [90m 20 |[39m [36mimport[39m { cn } [36mfrom[39m [32m'@/lib/utils'[39m[0m

Import map: aliased to relative './components/sub-finder/DatePickerInput' inside of [project]/


Import traces:
  Client Component Browser:
    ./app/(dashboard)/sub-finder/page.tsx [Client Component Browser]
    ./app/(dashboard)/sub-finder/page.tsx [Server Component]

  Client Component SSR:
    ./app/(dashboard)/sub-finder/page.tsx [Client Component SSR]
    ./app/(dashboard)/sub-finder/page.tsx [Server Component]

https://nextjs.org/docs/messages/module-not-found


✓ Compiled in 157ms
✓ Compiled in 96ms
 GET /sub-finder 200 in 309ms (compile: 84ms, proxy.ts: 187ms, render: 38ms)
✓ Compiled in 70ms
 GET /dashboard 200 in 711ms (compile: 51ms, proxy.ts: 629ms, render: 31ms)
 GET /schedules 200 in 632ms (compile: 144ms, proxy.ts: 174ms, render: 314ms)
 GET /sub-finder 200 in 617ms (compile: 107ms, proxy.ts: 485ms, render: 25ms)
 GET /api/teachers 200 in 473ms (compile: 9ms, proxy.ts: 250ms, render: 214ms)
 GET /api/sub-finder/absences?include_partially_covered=false 200 in 719ms (compile: 7ms, proxy.ts: 133ms, render: 579ms)
 GET /api/teachers 200 in 696ms (compile: 5ms, proxy.ts: 240ms, render: 450ms)
 GET /api/sub-finder/absences?include_partially_covered=false 200 in 783ms (compile: 3ms, proxy.ts: 276ms, render: 504ms)
 GET /api/timeslots 200 in 209ms (compile: 2ms, proxy.ts: 102ms, render: 105ms)
 GET /api/timeslots 200 in 230ms (compile: 1027µs, proxy.ts: 123ms, render: 106ms)
✓ Compiled in 77ms
